140
6 11 9664 15.0
16 13 6872 15.0
10 3 9498 37.0
2 17 4510 14.0
14 1 7383 11.0
20 15 8072 27.0
10 1 5856 37.0
15 5 1350 27.0
4 15 5314 27.0
19 3 1890 8.0
3 12 7970 13.0
15 12 9619 27.0
15 7 5494 27.0
19 4 3120 13.0
2 18 3982 14.0
3 11 266 13.0
8 14 4441 13.0
9 15 1920 27.0
16 17 3613 15.0
19 7 6096 15.0
6 20 2794 15.0
15 8 5449 27.0
10 12 6982 37.0
12 6 1019 15.0
10 10 1649 0
14 17 2398 14.0
7 18 3585 15.0
9 3 742 13.0
19 4 9403 13.0
16 15 8753 27.0
14 2 9866 11.0
1 16 1213 15.0
19 5 438 8.0
20 16 2039 15.0
6 7 3089 15.0
13 12 9935 13.0
3 7 9437 15.0
3 11 1962 13.0
17 9 6410 14.0
7 8 1500 15.0
10 3 6065 37.0
16 8 1902 15.0
13 9 597 13.0
13 8 9921 13.0
9 1 355 13.0
18 15 3189 27.0
14 17 3031 14.0
2 3 2030 5.0
5 7 7852 15.0
17 15 3451 27.0
15 11 1001 27.0
20 1 374 13.0
19 6 8917 15.0
12 12 6974 0
1 17 1663 14.0
3 2 4259 5.0
12 11 1147 8.0
1 14 3619 11.0
8 2 1180 13.0
19 18 4933 14.0
10 15 5740 37.0
2 16 7145 15.0
9 14 2955 13.0
2 17 1001 14.0
10 20 8252 37.0
6 20 7654 15.0
9 12 646 9.0
9 6 9773 15.0
7 4 1654 15.0
13 18 6411 14.0
13 14 3267 11.0
8 10 4263 37.0
5 4 5875 13.0
14 13 7705 11.0
15 12 9336 27.0
11 11 2776 0
8 15 3333 27.0
6 16 952 15.0
8 17 2593 14.0
13 12 2654 13.0
17 12 5609 14.0
15 7 8675 27.0
16 14 4108 15.0
8 15 1921 27.0
4 5 9778 13.0
9 19 7247 13.0
7 15 2865 27.0
15 17 217 27.0
7 5 7728 15.0
18 5 6716 14.0
14 7 9325 15.0
14 15 8333 27.0
14 4 5103 13.0
18 19 5852 14.0
20 4 6368 11.0
18 13 4112 14.0
20 17 2514 14.0
7 15 9185 27.0
12 12 204 0
20 3 7504 13.0
11 1 1296 13.0
8 13 5504 13.0
20 4 749 11.0
17 15 8919 27.0
3 6 4602 15.0
8 15 2210 27.0
5 2 3935 2.0
18 11 7895 14.0
1 9 5771 13.0
11 6 9997 15.0
3 12 4717 13.0
9 4 5886 9.0
4 19 9672 13.0
14 19 2169 11.0
1 11 5084 13.0
14 3 6358 11.0
6 6 6790 0
2 9 1323 13.0
17 12 25 14.0
2 7 9742 15.0
6 9 3151 15.0
20 14 5479 13.0
10 18 2623 37.0
20 6 3923 15.0
20 1 3656 13.0
20 18 7343 14.0
7 9 6204 15.0
2 8 9309 13.0
16 13 6790 15.0
5 4 517 13.0
11 9 6591 9.0
8 17 9298 14.0
12 6 6853 15.0
1 18 767 14.0
11 16 2715 15.0
20 12 7297 11.0
15 18 1047 27.0
11 4 4248 8.0
18 5 2584 14.0
20 12 7314 11.0
